<?xml version="1.0" encoding="UTF-8"?>
<!-- Generated by org.testng.reporters.JUnitReportReporter -->
<testsuite hostname="DESKTOP-98KSBEH" name="com.qa.khan.testcases.KhanHomePageTest" tests="1" failures="0" timestamp="23 Feb 2021 07:19:11 GMT" time="12.250" errors="0">
  <testcase name="loggedInUsernameTest" time="12.250" classname="com.qa.khan.testcases.KhanHomePageTest"/>
</testsuite> <!-- com.qa.khan.testcases.KhanHomePageTest -->
